[0819/112905.314:ERROR:process_memory_win.cc(73)] ReadMemory at 0x7ff6c4ab0000 of 64 bytes failed: ReadProcessMemory veya WriteProcessMemory isteðinin sadece bir parçasý tamamlandý. (0x12B)
[0819/112905.394:WARNING:pe_image_reader.cc(340)] could not read dos header from C:\Program Files (x86)\Google\Chrome\Application\chrome.exe
[0819/112905.394:ERROR:process_memory_win.cc(73)] ReadMemory at 0x7ff8087c0000 of 64 bytes failed: ReadProcessMemory veya WriteProcessMemory isteðinin sadece bir parçasý tamamlandý. (0x12B)
[0819/112905.395:WARNING:pe_image_reader.cc(340)] could not read dos header from C:\Windows\SYSTEM32\ntdll.dll
[0819/112905.395:ERROR:process_memory_win.cc(73)] ReadMemory at 0x7ff806b70000 of 64 bytes failed: ReadProcessMemory veya WriteProcessMemory isteðinin sadece bir parçasý tamamlandý. (0x12B)
[0819/112905.395:WARNING:pe_image_reader.cc(340)] could not read dos header from C:\Windows\System32\KERNEL32.DLL
[0819/112905.395:ERROR:process_memory_win.cc(73)] ReadMemory at 0x7ff805b80000 of 64 bytes failed: ReadProcessMemory veya WriteProcessMemory isteðinin sadece bir parçasý tamamlandý. (0x12B)
[0819/112905.395:WARNING:pe_image_reader.cc(340)] could not read dos header from C:\Windows\System32\KERNELBASE.dll
[0819/112905.395:ERROR:process_memory_win.cc(73)] ReadMemory at 0x7fffdec30000 of 64 bytes failed: ReadProcessMemory veya WriteProcessMemory isteðinin sadece bir parçasý tamamlandý. (0x12B)
[0819/112905.396:WARNING:pe_image_reader.cc(340)] could not read dos header from C:\Program Files (x86)\Google\Chrome\Application\84.0.4147.125\chrome_elf.dll
[0819/112905.396:ERROR:process_memory_win.cc(73)] ReadMemory at 0x7ffffa650000 of 64 bytes failed: ReadProcessMemory veya WriteProcessMemory isteðinin sadece bir parçasý tamamlandý. (0x12B)
[0819/112905.396:WARNING:pe_image_reader.cc(340)] could not read dos header from C:\Windows\SYSTEM32\VERSION.dll
[0819/112905.396:ERROR:process_memory_win.cc(73)] ReadMemory at 0x7ff807160000 of 64 bytes failed: ReadProcessMemory veya WriteProcessMemory isteðinin sadece bir parçasý tamamlandý. (0x12B)
[0819/112905.396:WARNING:pe_image_reader.cc(340)] could not read dos header from C:\Windows\System32\msvcrt.dll
[0819/112905.396:ERROR:process_memory_win.cc(73)] ReadMemory at 0x7ff8057c0000 of 64 bytes failed: ReadProcessMemory veya WriteProcessMemory isteðinin sadece bir parçasý tamamlandý. (0x12B)
[0819/112905.396:WARNING:pe_image_reader.cc(340)] could not read dos header from C:\Windows\System32\bcryptPrimitives.dll
[0819/112905.396:ERROR:process_memory_win.cc(73)] ReadMemory at 0x7ff807fa0000 of 64 bytes failed: ReadProcessMemory veya WriteProcessMemory isteðinin sadece bir parçasý tamamlandý. (0x12B)
[0819/112905.396:WARNING:pe_image_reader.cc(340)] could not read dos header from C:\Windows\System32\ADVAPI32.dll
[0819/112905.396:ERROR:process_memory_win.cc(73)] ReadMemory at 0x7ff808080000 of 64 bytes failed: ReadProcessMemory veya WriteProcessMemory isteðinin sadece bir parçasý tamamlandý. (0x12B)
[0819/112905.396:WARNING:pe_image_reader.cc(340)] could not read dos header from C:\Windows\System32\sechost.dll
[0819/112905.396:ERROR:process_memory_win.cc(73)] ReadMemory at 0x7ff806a30000 of 64 bytes failed: ReadProcessMemory veya WriteProcessMemory isteðinin sadece bir parçasý tamamlandý. (0x12B)
[0819/112905.396:WARNING:pe_image_reader.cc(340)] could not read dos header from C:\Windows\System32\RPCRT4.dll
[0819/112905.397:ERROR:process_memory_win.cc(73)] ReadMemory at 0x7fffc9580000 of 64 bytes failed: ReadProcessMemory veya WriteProcessMemory isteðinin sadece bir parçasý tamamlandý. (0x12B)
[0819/112905.397:WARNING:pe_image_reader.cc(340)] could not read dos header from C:\Program Files (x86)\Google\Chrome\Application\84.0.4147.125\chrome.dll
[0819/112905.397:ERROR:process_memory_win.cc(73)] ReadMemory at 0x7ff808690000 of 64 bytes failed: ReadProcessMemory veya WriteProcessMemory isteðinin sadece bir parçasý tamamlandý. (0x12B)
[0819/112905.397:WARNING:pe_image_reader.cc(340)] could not read dos header from C:\Windows\System32\WS2_32.dll
[0819/112905.397:ERROR:process_memory_win.cc(73)] ReadMemory at 0x7ff8073b0000 of 64 bytes failed: ReadProcessMemory veya WriteProcessMemory isteðinin sadece bir parçasý tamamlandý. (0x12B)
[0819/112905.397:WARNING:pe_image_reader.cc(340)] could not read dos header from C:\Windows\System32\OLEAUT32.dll
[0819/112905.397:ERROR:process_memory_win.cc(73)] ReadMemory at 0x7ff805940000 of 64 bytes failed: ReadProcessMemory veya WriteProcessMemory isteðinin sadece bir parçasý tamamlandý. (0x12B)
[0819/112905.397:WARNING:pe_image_reader.cc(340)] could not read dos header from C:\Windows\System32\msvcp_win.dll
[0819/112905.397:ERROR:process_memory_win.cc(73)] ReadMemory at 0x7ff805840000 of 64 bytes failed: ReadProcessMemory veya WriteProcessMemory isteðinin sadece bir parçasý tamamlandý. (0x12B)
[0819/112905.397:WARNING:pe_image_reader.cc(340)] could not read dos header from C:\Windows\System32\ucrtbase.dll
[0819/112905.397:ERROR:process_memory_win.cc(73)] ReadMemory at 0x7ff807b80000 of 64 bytes failed: ReadProcessMemory veya WriteProcessMemory isteðinin sadece bir parçasý tamamlandý. (0x12B)
[0819/112905.397:WARNING:pe_image_reader.cc(340)] could not read dos header from C:\Windows\System32\combase.dll
[0819/112905.398:ERROR:process_memory_win.cc(73)] ReadMemory at 0x7ff805740000 of 64 bytes failed: ReadProcessMemory veya WriteProcessMemory isteðinin sadece bir parçasý tamamlandý. (0x12B)
[0819/112905.398:WARNING:pe_image_reader.cc(340)] could not read dos header from C:\Windows\System32\WINTRUST.dll
[0819/112905.398:ERROR:process_memory_win.cc(73)] ReadMemory at 0x7ff805720000 of 64 bytes failed: ReadProcessMemory veya WriteProcessMemory isteðinin sadece bir parçasý tamamlandý. (0x12B)
[0819/112905.398:WARNING:pe_image_reader.cc(340)] could not read dos header from C:\Windows\System32\MSASN1.dll
[0819/112905.398:ERROR:process_memory_win.cc(73)] ReadMemory at 0x7ff8065f0000 of 64 bytes failed: ReadProcessMemory veya WriteProcessMemory isteðinin sadece bir parçasý tamamlandý. (0x12B)
[0819/112905.398:WARNING:pe_image_reader.cc(340)] could not read dos header from C:\Windows\System32\CRYPT32.dll
[0819/112905.398:ERROR:process_memory_win.cc(73)] ReadMemory at 0x7ff804be0000 of 64 bytes failed: ReadProcessMemory veya WriteProcessMemory isteðinin sadece bir parçasý tamamlandý. (0x12B)
[0819/112905.398:WARNING:pe_image_reader.cc(340)] could not read dos header from C:\Windows\SYSTEM32\IPHLPAPI.DLL
[0819/112905.399:ERROR:process_memory_win.cc(73)] ReadMemory at 0x7ff8031e0000 of 64 bytes failed: ReadProcessMemory veya WriteProcessMemory isteðinin sadece bir parçasý tamamlandý. (0x12B)
[0819/112905.399:WARNING:pe_image_reader.cc(340)] could not read dos header from C:\Windows\SYSTEM32\WINMM.dll
[0819/112905.399:ERROR:process_memory_win.cc(73)] ReadMemory at 0x7ffff0790000 of 64 bytes failed: ReadProcessMemory veya WriteProcessMemory isteðinin sadece bir parçasý tamamlandý. (0x12B)
[0819/112905.399:WARNING:pe_image_reader.cc(340)] could not read dos header from C:\Windows\SYSTEM32\Secur32.dll
[0819/112905.399:ERROR:process_memory_win.cc(73)] ReadMemory at 0x7ff805590000 of 64 bytes failed: ReadProcessMemory veya WriteProcessMemory isteðinin sadece bir parçasý tamamlandý. (0x12B)
[0819/112905.399:WARNING:pe_image_reader.cc(340)] could not read dos header from C:\Windows\SYSTEM32\USERENV.dll
[0819/112905.400:ERROR:process_memory_win.cc(73)] ReadMemory at 0x7ff8056a0000 of 64 bytes failed: ReadProcessMemory veya WriteProcessMemory isteðinin sadece bir parçasý tamamlandý. (0x12B)
[0819/112905.400:WARNING:pe_image_reader.cc(340)] could not read dos header from C:\Windows\System32\profapi.dll
[0819/112905.400:ERROR:process_memory_win.cc(73)] ReadMemory at 0x7fffe8010000 of 64 bytes failed: ReadProcessMemory veya WriteProcessMemory isteðinin sadece bir parçasý tamamlandý. (0x12B)
[0819/112905.400:WARNING:pe_image_reader.cc(340)] could not read dos header from C:\Windows\SYSTEM32\UIAutomationCore.DLL
[0819/112905.400:ERROR:process_memory_win.cc(73)] ReadMemory at 0x7ffff8a20000 of 64 bytes failed: ReadProcessMemory veya WriteProcessMemory isteðinin sadece bir parçasý tamamlandý. (0x12B)
[0819/112905.401:WARNING:pe_image_reader.cc(340)] could not read dos header from C:\Windows\SYSTEM32\DWrite.dll
[0819/112905.401:ERROR:process_memory_win.cc(73)] ReadMemory at 0x7ffff5940000 of 64 bytes failed: ReadProcessMemory veya WriteProcessMemory isteðinin sadece bir parçasý tamamlandý. (0x12B)
[0819/112905.401:WARNING:pe_image_reader.cc(340)] could not read dos header from C:\Windows\SYSTEM32\WINSPOOL.DRV
[0819/112905.401:ERROR:process_memory_win.cc(73)] ReadMemory at 0x7ff805680000 of 64 bytes failed: ReadProcessMemory veya WriteProcessMemory isteðinin sadece bir parçasý tamamlandý. (0x12B)
[0819/112905.401:WARNING:pe_image_reader.cc(340)] could not read dos header from C:\Windows\System32\kernel.appcore.dll
[0819/112905.401:ERROR:process_memory_win.cc(73)] ReadMemory at 0x7ff806740000 of 64 bytes failed: ReadProcessMemory veya WriteProcessMemory isteðinin sadece bir parçasý tamamlandý. (0x12B)
[0819/112905.401:WARNING:pe_image_reader.cc(340)] could not read dos header from C:\Windows\System32\bcrypt.dll
[0819/112905.401:ERROR:process_memory_win.cc(73)] ReadMemory at 0x7ff803f40000 of 64 bytes failed: ReadProcessMemory veya WriteProcessMemory isteðinin sadece bir parçasý tamamlandý. (0x12B)
[0819/112905.401:WARNING:pe_image_reader.cc(340)] could not read dos header from C:\Windows\SYSTEM32\dbghelp.dll
[0819/112905.401:ERROR:process_memory_win.cc(73)] ReadMemory at 0x7ffff5250000 of 64 bytes failed: ReadProcessMemory veya WriteProcessMemory isteðinin sadece bir parçasý tamamlandý. (0x12B)
[0819/112905.401:WARNING:pe_image_reader.cc(340)] could not read dos header from C:\Windows\SYSTEM32\WINHTTP.dll
[0819/112905.401:ERROR:process_memory_win.cc(73)] ReadMemory at 0x7ffffa5c0000 of 64 bytes failed: ReadProcessMemory veya WriteProcessMemory isteðinin sadece bir parçasý tamamlandý. (0x12B)
[0819/112905.402:WARNING:pe_image_reader.cc(340)] could not read dos header from C:\Windows\SYSTEM32\dhcpcsvc.DLL
[0819/112905.402:ERROR:process_memory_win.cc(73)] ReadMemory at 0x7ff808680000 of 64 bytes failed: ReadProcessMemory veya WriteProcessMemory isteðinin sadece bir parçasý tamamlandý. (0x12B)
[0819/112905.402:WARNING:pe_image_reader.cc(340)] could not read dos header from C:\Windows\System32\NSI.dll
[0819/112905.402:ERROR:process_memory_win.cc(73)] ReadMemory at 0x7ff8031b0000 of 64 bytes failed: ReadProcessMemory veya WriteProcessMemory isteðinin sadece bir parçasý tamamlandý. (0x12B)
[0819/112905.402:WARNING:pe_image_reader.cc(340)] could not read dos header from C:\Windows\SYSTEM32\WINMMBASE.dll
[0819/112905.402:ERROR:process_memory_win.cc(73)] ReadMemory at 0x7ff806820000 of 64 bytes failed: ReadProcessMemory veya WriteProcessMemory isteðinin sadece bir parçasý tamamlandý. (0x12B)
[0819/112905.402:WARNING:pe_image_reader.cc(340)] could not read dos header from C:\Windows\System32\cfgmgr32.dll
[0819/112905.402:ERROR:process_memory_win.cc(73)] ReadMemory at 0x7ff801c50000 of 64 bytes failed: ReadProcessMemory veya WriteProcessMemory isteðinin sadece bir parçasý tamamlandý. (0x12B)
[0819/112905.402:WARNING:pe_image_reader.cc(340)] could not read dos header from C:\Windows\SYSTEM32\PROPSYS.dll
[0819/112905.402:ERROR:process_memory_win.cc(73)] ReadMemory at 0x7ff808120000 of 64 bytes failed: ReadProcessMemory veya WriteProcessMemory isteðinin sadece bir parçasý tamamlandý. (0x12B)
[0819/112905.402:WARNING:pe_image_reader.cc(340)] could not read dos header from C:\Windows\System32\shcore.dll
[0819/112905.402:ERROR:process_memory_win.cc(73)] ReadMemory at 0x7ff805560000 of 64 bytes failed: ReadProcessMemory veya WriteProcessMemory isteðinin sadece bir parçasý tamamlandý. (0x12B)
[0819/112905.402:WARNING:pe_image_reader.cc(340)] could not read dos header from C:\Windows\SYSTEM32\SSPICLI.DLL
[0819/112905.402:ERROR:process_memory_win.cc(73)] ReadMemory at 0x7ff8050a0000 of 64 bytes failed: ReadProcessMemory veya WriteProcessMemory isteðinin sadece bir parçasý tamamlandý. (0x12B)
[0819/112905.402:WARNING:pe_image_reader.cc(340)] could not read dos header from C:\Windows\SYSTEM32\CRYPTBASE.DLL
[0819/112905.429:ERROR:process_memory_win.cc(73)] ReadMemory at 0x7ff6c4ab0000 of 64 bytes failed: ReadProcessMemory veya WriteProcessMemory isteðinin sadece bir parçasý tamamlandý. (0x12B)
[0819/112905.430:WARNING:pe_image_reader.cc(340)] could not read dos header from C:\Program Files (x86)\Google\Chrome\Application\chrome.exe
[0819/112905.430:ERROR:process_memory_win.cc(73)] ReadMemory at 0x7ff8087c0000 of 64 bytes failed: ReadProcessMemory veya WriteProcessMemory isteðinin sadece bir parçasý tamamlandý. (0x12B)
[0819/112905.430:WARNING:pe_image_reader.cc(340)] could not read dos header from C:\Windows\SYSTEM32\ntdll.dll
[0819/112905.430:ERROR:process_memory_win.cc(73)] ReadMemory at 0x7ff806b70000 of 64 bytes failed: ReadProcessMemory veya WriteProcessMemory isteðinin sadece bir parçasý tamamlandý. (0x12B)
[0819/112905.430:WARNING:pe_image_reader.cc(340)] could not read dos header from C:\Windows\System32\KERNEL32.DLL
[0819/112905.430:ERROR:process_memory_win.cc(73)] ReadMemory at 0x7ff805b80000 of 64 bytes failed: ReadProcessMemory veya WriteProcessMemory isteðinin sadece bir parçasý tamamlandý. (0x12B)
[0819/112905.430:WARNING:pe_image_reader.cc(340)] could not read dos header from C:\Windows\System32\KERNELBASE.dll
[0819/112905.430:ERROR:process_memory_win.cc(73)] ReadMemory at 0x7fffdec30000 of 64 bytes failed: ReadProcessMemory veya WriteProcessMemory isteðinin sadece bir parçasý tamamlandý. (0x12B)
[0819/112905.430:WARNING:pe_image_reader.cc(340)] could not read dos header from C:\Program Files (x86)\Google\Chrome\Application\84.0.4147.125\chrome_elf.dll
[0819/112905.430:ERROR:process_memory_win.cc(73)] ReadMemory at 0x7ffffa650000 of 64 bytes failed: ReadProcessMemory veya WriteProcessMemory isteðinin sadece bir parçasý tamamlandý. (0x12B)
[0819/112905.430:WARNING:pe_image_reader.cc(340)] could not read dos header from C:\Windows\SYSTEM32\VERSION.dll
[0819/112905.430:ERROR:process_memory_win.cc(73)] ReadMemory at 0x7ff807160000 of 64 bytes failed: ReadProcessMemory veya WriteProcessMemory isteðinin sadece bir parçasý tamamlandý. (0x12B)
[0819/112905.430:WARNING:pe_image_reader.cc(340)] could not read dos header from C:\Windows\System32\msvcrt.dll
[0819/112905.430:ERROR:process_memory_win.cc(73)] ReadMemory at 0x7ff8057c0000 of 64 bytes failed: ReadProcessMemory veya WriteProcessMemory isteðinin sadece bir parçasý tamamlandý. (0x12B)
[0819/112905.430:WARNING:pe_image_reader.cc(340)] could not read dos header from C:\Windows\System32\bcryptPrimitives.dll
[0819/112905.430:ERROR:process_memory_win.cc(73)] ReadMemory at 0x7ff807fa0000 of 64 bytes failed: ReadProcessMemory veya WriteProcessMemory isteðinin sadece bir parçasý tamamlandý. (0x12B)
[0819/112905.430:WARNING:pe_image_reader.cc(340)] could not read dos header from C:\Windows\System32\ADVAPI32.dll
[0819/112905.430:ERROR:process_memory_win.cc(73)] ReadMemory at 0x7ff808080000 of 64 bytes failed: ReadProcessMemory veya WriteProcessMemory isteðinin sadece bir parçasý tamamlandý. (0x12B)
[0819/112905.430:WARNING:pe_image_reader.cc(340)] could not read dos header from C:\Windows\System32\sechost.dll
[0819/112905.430:ERROR:process_memory_win.cc(73)] ReadMemory at 0x7ff806a30000 of 64 bytes failed: ReadProcessMemory veya WriteProcessMemory isteðinin sadece bir parçasý tamamlandý. (0x12B)
[0819/112905.430:WARNING:pe_image_reader.cc(340)] could not read dos header from C:\Windows\System32\RPCRT4.dll
[0819/112905.430:ERROR:process_memory_win.cc(73)] ReadMemory at 0x7fffc9580000 of 64 bytes failed: ReadProcessMemory veya WriteProcessMemory isteðinin sadece bir parçasý tamamlandý. (0x12B)
[0819/112905.430:WARNING:pe_image_reader.cc(340)] could not read dos header from C:\Program Files (x86)\Google\Chrome\Application\84.0.4147.125\chrome.dll
[0819/112905.430:ERROR:process_memory_win.cc(73)] ReadMemory at 0x7ff808690000 of 64 bytes failed: ReadProcessMemory veya WriteProcessMemory isteðinin sadece bir parçasý tamamlandý. (0x12B)
[0819/112905.430:WARNING:pe_image_reader.cc(340)] could not read dos header from C:\Windows\System32\WS2_32.dll
[0819/112905.430:ERROR:process_memory_win.cc(73)] ReadMemory at 0x7ff8073b0000 of 64 bytes failed: ReadProcessMemory veya WriteProcessMemory isteðinin sadece bir parçasý tamamlandý. (0x12B)
[0819/112905.431:WARNING:pe_image_reader.cc(340)] could not read dos header from C:\Windows\System32\OLEAUT32.dll
[0819/112905.431:ERROR:process_memory_win.cc(73)] ReadMemory at 0x7ff805940000 of 64 bytes failed: ReadProcessMemory veya WriteProcessMemory isteðinin sadece bir parçasý tamamlandý. (0x12B)
[0819/112905.431:WARNING:pe_image_reader.cc(340)] could not read dos header from C:\Windows\System32\msvcp_win.dll
[0819/112905.431:ERROR:process_memory_win.cc(73)] ReadMemory at 0x7ff805840000 of 64 bytes failed: ReadProcessMemory veya WriteProcessMemory isteðinin sadece bir parçasý tamamlandý. (0x12B)
[0819/112905.431:WARNING:pe_image_reader.cc(340)] could not read dos header from C:\Windows\System32\ucrtbase.dll
[0819/112905.431:ERROR:process_memory_win.cc(73)] ReadMemory at 0x7ff807b80000 of 64 bytes failed: ReadProcessMemory veya WriteProcessMemory isteðinin sadece bir parçasý tamamlandý. (0x12B)
[0819/112905.431:WARNING:pe_image_reader.cc(340)] could not read dos header from C:\Windows\System32\combase.dll
[0819/112905.431:ERROR:process_memory_win.cc(73)] ReadMemory at 0x7ff805740000 of 64 bytes failed: ReadProcessMemory veya WriteProcessMemory isteðinin sadece bir parçasý tamamlandý. (0x12B)
[0819/112905.431:WARNING:pe_image_reader.cc(340)] could not read dos header from C:\Windows\System32\WINTRUST.dll
[0819/112905.431:ERROR:process_memory_win.cc(73)] ReadMemory at 0x7ff805720000 of 64 bytes failed: ReadProcessMemory veya WriteProcessMemory isteðinin sadece bir parçasý tamamlandý. (0x12B)
[0819/112905.431:WARNING:pe_image_reader.cc(340)] could not read dos header from C:\Windows\System32\MSASN1.dll
[0819/112905.431:ERROR:process_memory_win.cc(73)] ReadMemory at 0x7ff8065f0000 of 64 bytes failed: ReadProcessMemory veya WriteProcessMemory isteðinin sadece bir parçasý tamamlandý. (0x12B)
[0819/112905.431:WARNING:pe_image_reader.cc(340)] could not read dos header from C:\Windows\System32\CRYPT32.dll
[0819/112905.431:ERROR:process_memory_win.cc(73)] ReadMemory at 0x7ff804be0000 of 64 bytes failed: ReadProcessMemory veya WriteProcessMemory isteðinin sadece bir parçasý tamamlandý. (0x12B)
[0819/112905.431:WARNING:pe_image_reader.cc(340)] could not read dos header from C:\Windows\SYSTEM32\IPHLPAPI.DLL
[0819/112905.431:ERROR:process_memory_win.cc(73)] ReadMemory at 0x7ff8031e0000 of 64 bytes failed: ReadProcessMemory veya WriteProcessMemory isteðinin sadece bir parçasý tamamlandý. (0x12B)
[0819/112905.431:WARNING:pe_image_reader.cc(340)] could not read dos header from C:\Windows\SYSTEM32\WINMM.dll
[0819/112905.431:ERROR:process_memory_win.cc(73)] ReadMemory at 0x7ffff0790000 of 64 bytes failed: ReadProcessMemory veya WriteProcessMemory isteðinin sadece bir parçasý tamamlandý. (0x12B)
[0819/112905.431:WARNING:pe_image_reader.cc(340)] could not read dos header from C:\Windows\SYSTEM32\Secur32.dll
[0819/112905.431:ERROR:process_memory_win.cc(73)] ReadMemory at 0x7ff805590000 of 64 bytes failed: ReadProcessMemory veya WriteProcessMemory isteðinin sadece bir parçasý tamamlandý. (0x12B)
[0819/112905.431:WARNING:pe_image_reader.cc(340)] could not read dos header from C:\Windows\SYSTEM32\USERENV.dll
[0819/112905.431:ERROR:process_memory_win.cc(73)] ReadMemory at 0x7ff8056a0000 of 64 bytes failed: ReadProcessMemory veya WriteProcessMemory isteðinin sadece bir parçasý tamamlandý. (0x12B)
[0819/112905.431:WARNING:pe_image_reader.cc(340)] could not read dos header from C:\Windows\System32\profapi.dll
[0819/112905.432:ERROR:process_memory_win.cc(73)] ReadMemory at 0x7fffe8010000 of 64 bytes failed: ReadProcessMemory veya WriteProcessMemory isteðinin sadece bir parçasý tamamlandý. (0x12B)
[0819/112905.432:WARNING:pe_image_reader.cc(340)] could not read dos header from C:\Windows\SYSTEM32\UIAutomationCore.DLL
[0819/112905.432:ERROR:process_memory_win.cc(73)] ReadMemory at 0x7ffff8a20000 of 64 bytes failed: ReadProcessMemory veya WriteProcessMemory isteðinin sadece bir parçasý tamamlandý. (0x12B)
[0819/112905.432:WARNING:pe_image_reader.cc(340)] could not read dos header from C:\Windows\SYSTEM32\DWrite.dll
[0819/112905.432:ERROR:process_memory_win.cc(73)] ReadMemory at 0x7ffff5940000 of 64 bytes failed: ReadProcessMemory veya WriteProcessMemory isteðinin sadece bir parçasý tamamlandý. (0x12B)
[0819/112905.432:WARNING:pe_image_reader.cc(340)] could not read dos header from C:\Windows\SYSTEM32\WINSPOOL.DRV
[0819/112905.432:ERROR:process_memory_win.cc(73)] ReadMemory at 0x7ff805680000 of 64 bytes failed: ReadProcessMemory veya WriteProcessMemory isteðinin sadece bir parçasý tamamlandý. (0x12B)
[0819/112905.432:WARNING:pe_image_reader.cc(340)] could not read dos header from C:\Windows\System32\kernel.appcore.dll
[0819/112905.432:ERROR:process_memory_win.cc(73)] ReadMemory at 0x7ff806740000 of 64 bytes failed: ReadProcessMemory veya WriteProcessMemory isteðinin sadece bir parçasý tamamlandý. (0x12B)
[0819/112905.432:WARNING:pe_image_reader.cc(340)] could not read dos header from C:\Windows\System32\bcrypt.dll
[0819/112905.432:ERROR:process_memory_win.cc(73)] ReadMemory at 0x7ff803f40000 of 64 bytes failed: ReadProcessMemory veya WriteProcessMemory isteðinin sadece bir parçasý tamamlandý. (0x12B)
[0819/112905.433:WARNING:pe_image_reader.cc(340)] could not read dos header from C:\Windows\SYSTEM32\dbghelp.dll
[0819/112905.433:ERROR:process_memory_win.cc(73)] ReadMemory at 0x7ffff5250000 of 64 bytes failed: ReadProcessMemory veya WriteProcessMemory isteðinin sadece bir parçasý tamamlandý. (0x12B)
[0819/112905.433:WARNING:pe_image_reader.cc(340)] could not read dos header from C:\Windows\SYSTEM32\WINHTTP.dll
[0819/112905.433:ERROR:process_memory_win.cc(73)] ReadMemory at 0x7ffffa5c0000 of 64 bytes failed: ReadProcessMemory veya WriteProcessMemory isteðinin sadece bir parçasý tamamlandý. (0x12B)
[0819/112905.434:WARNING:pe_image_reader.cc(340)] could not read dos header from C:\Windows\SYSTEM32\dhcpcsvc.DLL
[0819/112905.434:ERROR:process_memory_win.cc(73)] ReadMemory at 0x7ff808680000 of 64 bytes failed: ReadProcessMemory veya WriteProcessMemory isteðinin sadece bir parçasý tamamlandý. (0x12B)
[0819/112905.434:WARNING:pe_image_reader.cc(340)] could not read dos header from C:\Windows\System32\NSI.dll
[0819/112905.434:ERROR:process_memory_win.cc(73)] ReadMemory at 0x7ff8031b0000 of 64 bytes failed: ReadProcessMemory veya WriteProcessMemory isteðinin sadece bir parçasý tamamlandý. (0x12B)
[0819/112905.435:WARNING:pe_image_reader.cc(340)] could not read dos header from C:\Windows\SYSTEM32\WINMMBASE.dll
[0819/112905.435:ERROR:process_memory_win.cc(73)] ReadMemory at 0x7ff806820000 of 64 bytes failed: ReadProcessMemory veya WriteProcessMemory isteðinin sadece bir parçasý tamamlandý. (0x12B)
[0819/112905.435:WARNING:pe_image_reader.cc(340)] could not read dos header from C:\Windows\System32\cfgmgr32.dll
[0819/112905.435:ERROR:process_memory_win.cc(73)] ReadMemory at 0x7ff801c50000 of 64 bytes failed: ReadProcessMemory veya WriteProcessMemory isteðinin sadece bir parçasý tamamlandý. (0x12B)
[0819/112905.435:WARNING:pe_image_reader.cc(340)] could not read dos header from C:\Windows\SYSTEM32\PROPSYS.dll
[0819/112905.435:ERROR:process_memory_win.cc(73)] ReadMemory at 0x7ff808120000 of 64 bytes failed: ReadProcessMemory veya WriteProcessMemory isteðinin sadece bir parçasý tamamlandý. (0x12B)
[0819/112905.436:WARNING:pe_image_reader.cc(340)] could not read dos header from C:\Windows\System32\shcore.dll
[0819/112905.436:ERROR:process_memory_win.cc(73)] ReadMemory at 0x7ff805560000 of 64 bytes failed: ReadProcessMemory veya WriteProcessMemory isteðinin sadece bir parçasý tamamlandý. (0x12B)
[0819/112905.436:WARNING:pe_image_reader.cc(340)] could not read dos header from C:\Windows\SYSTEM32\SSPICLI.DLL
[0819/112905.436:ERROR:process_memory_win.cc(73)] ReadMemory at 0x7ff8050a0000 of 64 bytes failed: ReadProcessMemory veya WriteProcessMemory isteðinin sadece bir parçasý tamamlandý. (0x12B)
[0819/112905.436:WARNING:pe_image_reader.cc(340)] could not read dos header from C:\Windows\SYSTEM32\CRYPTBASE.DLL
[0819/112905.436:ERROR:process_memory_win.cc(73)] ReadMemory at 0x7ff6c4ab0000 of 64 bytes failed: ReadProcessMemory veya WriteProcessMemory isteðinin sadece bir parçasý tamamlandý. (0x12B)
[0819/112905.436:WARNING:pe_image_reader.cc(340)] could not read dos header from C:\Program Files (x86)\Google\Chrome\Application\chrome.exe
[0819/112905.436:ERROR:process_memory_win.cc(73)] ReadMemory at 0x7ff8087c0000 of 64 bytes failed: ReadProcessMemory veya WriteProcessMemory isteðinin sadece bir parçasý tamamlandý. (0x12B)
[0819/112905.437:WARNING:pe_image_reader.cc(340)] could not read dos header from C:\Windows\SYSTEM32\ntdll.dll
[0819/112905.437:ERROR:process_memory_win.cc(73)] ReadMemory at 0x7ff806b70000 of 64 bytes failed: ReadProcessMemory veya WriteProcessMemory isteðinin sadece bir parçasý tamamlandý. (0x12B)
[0819/112905.437:WARNING:pe_image_reader.cc(340)] could not read dos header from C:\Windows\System32\KERNEL32.DLL
[0819/112905.437:ERROR:process_memory_win.cc(73)] ReadMemory at 0x7ff805b80000 of 64 bytes failed: ReadProcessMemory veya WriteProcessMemory isteðinin sadece bir parçasý tamamlandý. (0x12B)
[0819/112905.437:WARNING:pe_image_reader.cc(340)] could not read dos header from C:\Windows\System32\KERNELBASE.dll
[0819/112905.437:ERROR:process_memory_win.cc(73)] ReadMemory at 0x7fffdec30000 of 64 bytes failed: ReadProcessMemory veya WriteProcessMemory isteðinin sadece bir parçasý tamamlandý. (0x12B)
[0819/112905.437:WARNING:pe_image_reader.cc(340)] could not read dos header from C:\Program Files (x86)\Google\Chrome\Application\84.0.4147.125\chrome_elf.dll
[0819/112905.437:ERROR:process_memory_win.cc(73)] ReadMemory at 0x7ffffa650000 of 64 bytes failed: ReadProcessMemory veya WriteProcessMemory isteðinin sadece bir parçasý tamamlandý. (0x12B)
[0819/112905.437:WARNING:pe_image_reader.cc(340)] could not read dos header from C:\Windows\SYSTEM32\VERSION.dll
[0819/112905.437:ERROR:process_memory_win.cc(73)] ReadMemory at 0x7ff807160000 of 64 bytes failed: ReadProcessMemory veya WriteProcessMemory isteðinin sadece bir parçasý tamamlandý. (0x12B)
[0819/112905.437:WARNING:pe_image_reader.cc(340)] could not read dos header from C:\Windows\System32\msvcrt.dll
[0819/112905.437:ERROR:process_memory_win.cc(73)] ReadMemory at 0x7ff8057c0000 of 64 bytes failed: ReadProcessMemory veya WriteProcessMemory isteðinin sadece bir parçasý tamamlandý. (0x12B)
[0819/112905.437:WARNING:pe_image_reader.cc(340)] could not read dos header from C:\Windows\System32\bcryptPrimitives.dll
[0819/112905.437:ERROR:process_memory_win.cc(73)] ReadMemory at 0x7ff807fa0000 of 64 bytes failed: ReadProcessMemory veya WriteProcessMemory isteðinin sadece bir parçasý tamamlandý. (0x12B)
[0819/112905.437:WARNING:pe_image_reader.cc(340)] could not read dos header from C:\Windows\System32\ADVAPI32.dll
[0819/112905.437:ERROR:process_memory_win.cc(73)] ReadMemory at 0x7ff808080000 of 64 bytes failed: ReadProcessMemory veya WriteProcessMemory isteðinin sadece bir parçasý tamamlandý. (0x12B)
[0819/112905.437:WARNING:pe_image_reader.cc(340)] could not read dos header from C:\Windows\System32\sechost.dll
[0819/112905.438:ERROR:process_memory_win.cc(73)] ReadMemory at 0x7ff806a30000 of 64 bytes failed: ReadProcessMemory veya WriteProcessMemory isteðinin sadece bir parçasý tamamlandý. (0x12B)
[0819/112905.438:WARNING:pe_image_reader.cc(340)] could not read dos header from C:\Windows\System32\RPCRT4.dll
[0819/112905.438:ERROR:process_memory_win.cc(73)] ReadMemory at 0x7fffc9580000 of 64 bytes failed: ReadProcessMemory veya WriteProcessMemory isteðinin sadece bir parçasý tamamlandý. (0x12B)
[0819/112905.438:WARNING:pe_image_reader.cc(340)] could not read dos header from C:\Program Files (x86)\Google\Chrome\Application\84.0.4147.125\chrome.dll
[0819/112905.438:ERROR:process_memory_win.cc(73)] ReadMemory at 0x7ff808690000 of 64 bytes failed: ReadProcessMemory veya WriteProcessMemory isteðinin sadece bir parçasý tamamlandý. (0x12B)
[0819/112905.438:WARNING:pe_image_reader.cc(340)] could not read dos header from C:\Windows\System32\WS2_32.dll
[0819/112905.438:ERROR:process_memory_win.cc(73)] ReadMemory at 0x7ff8073b0000 of 64 bytes failed: ReadProcessMemory veya WriteProcessMemory isteðinin sadece bir parçasý tamamlandý. (0x12B)
[0819/112905.438:WARNING:pe_image_reader.cc(340)] could not read dos header from C:\Windows\System32\OLEAUT32.dll
[0819/112905.438:ERROR:process_memory_win.cc(73)] ReadMemory at 0x7ff805940000 of 64 bytes failed: ReadProcessMemory veya WriteProcessMemory isteðinin sadece bir parçasý tamamlandý. (0x12B)
[0819/112905.438:WARNING:pe_image_reader.cc(340)] could not read dos header from C:\Windows\System32\msvcp_win.dll
[0819/112905.438:ERROR:process_memory_win.cc(73)] ReadMemory at 0x7ff805840000 of 64 bytes failed: ReadProcessMemory veya WriteProcessMemory isteðinin sadece bir parçasý tamamlandý. (0x12B)
[0819/112905.438:WARNING:pe_image_reader.cc(340)] could not read dos header from C:\Windows\System32\ucrtbase.dll
[0819/112905.438:ERROR:process_memory_win.cc(73)] ReadMemory at 0x7ff807b80000 of 64 bytes failed: ReadProcessMemory veya WriteProcessMemory isteðinin sadece bir parçasý tamamlandý. (0x12B)
[0819/112905.438:WARNING:pe_image_reader.cc(340)] could not read dos header from C:\Windows\System32\combase.dll
[0819/112905.438:ERROR:process_memory_win.cc(73)] ReadMemory at 0x7ff805740000 of 64 bytes failed: ReadProcessMemory veya WriteProcessMemory isteðinin sadece bir parçasý tamamlandý. (0x12B)
[0819/112905.438:WARNING:pe_image_reader.cc(340)] could not read dos header from C:\Windows\System32\WINTRUST.dll
[0819/112905.438:ERROR:process_memory_win.cc(73)] ReadMemory at 0x7ff805720000 of 64 bytes failed: ReadProcessMemory veya WriteProcessMemory isteðinin sadece bir parçasý tamamlandý. (0x12B)
[0819/112905.438:WARNING:pe_image_reader.cc(340)] could not read dos header from C:\Windows\System32\MSASN1.dll
[0819/112905.439:ERROR:process_memory_win.cc(73)] ReadMemory at 0x7ff8065f0000 of 64 bytes failed: ReadProcessMemory veya WriteProcessMemory isteðinin sadece bir parçasý tamamlandý. (0x12B)
[0819/112905.439:WARNING:pe_image_reader.cc(340)] could not read dos header from C:\Windows\System32\CRYPT32.dll
[0819/112905.439:ERROR:process_memory_win.cc(73)] ReadMemory at 0x7ff804be0000 of 64 bytes failed: ReadProcessMemory veya WriteProcessMemory isteðinin sadece bir parçasý tamamlandý. (0x12B)
[0819/112905.439:WARNING:pe_image_reader.cc(340)] could not read dos header from C:\Windows\SYSTEM32\IPHLPAPI.DLL
[0819/112905.439:ERROR:process_memory_win.cc(73)] ReadMemory at 0x7ff8031e0000 of 64 bytes failed: ReadProcessMemory veya WriteProcessMemory isteðinin sadece bir parçasý tamamlandý. (0x12B)
[0819/112905.439:WARNING:pe_image_reader.cc(340)] could not read dos header from C:\Windows\SYSTEM32\WINMM.dll
[0819/112905.439:ERROR:process_memory_win.cc(73)] ReadMemory at 0x7ffff0790000 of 64 bytes failed: ReadProcessMemory veya WriteProcessMemory isteðinin sadece bir parçasý tamamlandý. (0x12B)
[0819/112905.439:WARNING:pe_image_reader.cc(340)] could not read dos header from C:\Windows\SYSTEM32\Secur32.dll
[0819/112905.439:ERROR:process_memory_win.cc(73)] ReadMemory at 0x7ff805590000 of 64 bytes failed: ReadProcessMemory veya WriteProcessMemory isteðinin sadece bir parçasý tamamlandý. (0x12B)
[0819/112905.439:WARNING:pe_image_reader.cc(340)] could not read dos header from C:\Windows\SYSTEM32\USERENV.dll
[0819/112905.439:ERROR:process_memory_win.cc(73)] ReadMemory at 0x7ff8056a0000 of 64 bytes failed: ReadProcessMemory veya WriteProcessMemory isteðinin sadece bir parçasý tamamlandý. (0x12B)
[0819/112905.439:WARNING:pe_image_reader.cc(340)] could not read dos header from C:\Windows\System32\profapi.dll
[0819/112905.439:ERROR:process_memory_win.cc(73)] ReadMemory at 0x7fffe8010000 of 64 bytes failed: ReadProcessMemory veya WriteProcessMemory isteðinin sadece bir parçasý tamamlandý. (0x12B)
[0819/112905.439:WARNING:pe_image_reader.cc(340)] could not read dos header from C:\Windows\SYSTEM32\UIAutomationCore.DLL
[0819/112905.439:ERROR:process_memory_win.cc(73)] ReadMemory at 0x7ffff8a20000 of 64 bytes failed: ReadProcessMemory veya WriteProcessMemory isteðinin sadece bir parçasý tamamlandý. (0x12B)
[0819/112905.439:WARNING:pe_image_reader.cc(340)] could not read dos header from C:\Windows\SYSTEM32\DWrite.dll
[0819/112905.440:ERROR:process_memory_win.cc(73)] ReadMemory at 0x7ffff5940000 of 64 bytes failed: ReadProcessMemory veya WriteProcessMemory isteðinin sadece bir parçasý tamamlandý. (0x12B)
[0819/112905.440:WARNING:pe_image_reader.cc(340)] could not read dos header from C:\Windows\SYSTEM32\WINSPOOL.DRV
[0819/112905.440:ERROR:process_memory_win.cc(73)] ReadMemory at 0x7ff805680000 of 64 bytes failed: ReadProcessMemory veya WriteProcessMemory isteðinin sadece bir parçasý tamamlandý. (0x12B)
[0819/112905.440:WARNING:pe_image_reader.cc(340)] could not read dos header from C:\Windows\System32\kernel.appcore.dll
[0819/112905.440:ERROR:process_memory_win.cc(73)] ReadMemory at 0x7ff806740000 of 64 bytes failed: ReadProcessMemory veya WriteProcessMemory isteðinin sadece bir parçasý tamamlandý. (0x12B)
[0819/112905.440:WARNING:pe_image_reader.cc(340)] could not read dos header from C:\Windows\System32\bcrypt.dll
[0819/112905.440:ERROR:process_memory_win.cc(73)] ReadMemory at 0x7ff803f40000 of 64 bytes failed: ReadProcessMemory veya WriteProcessMemory isteðinin sadece bir parçasý tamamlandý. (0x12B)
[0819/112905.440:WARNING:pe_image_reader.cc(340)] could not read dos header from C:\Windows\SYSTEM32\dbghelp.dll
[0819/112905.440:ERROR:process_memory_win.cc(73)] ReadMemory at 0x7ffff5250000 of 64 bytes failed: ReadProcessMemory veya WriteProcessMemory isteðinin sadece bir parçasý tamamlandý. (0x12B)
[0819/112905.440:WARNING:pe_image_reader.cc(340)] could not read dos header from C:\Windows\SYSTEM32\WINHTTP.dll
[0819/112905.440:ERROR:process_memory_win.cc(73)] ReadMemory at 0x7ffffa5c0000 of 64 bytes failed: ReadProcessMemory veya WriteProcessMemory isteðinin sadece bir parçasý tamamlandý. (0x12B)
[0819/112905.440:WARNING:pe_image_reader.cc(340)] could not read dos header from C:\Windows\SYSTEM32\dhcpcsvc.DLL
[0819/112905.440:ERROR:process_memory_win.cc(73)] ReadMemory at 0x7ff808680000 of 64 bytes failed: ReadProcessMemory veya WriteProcessMemory isteðinin sadece bir parçasý tamamlandý. (0x12B)
[0819/112905.440:WARNING:pe_image_reader.cc(340)] could not read dos header from C:\Windows\System32\NSI.dll
[0819/112905.440:ERROR:process_memory_win.cc(73)] ReadMemory at 0x7ff8031b0000 of 64 bytes failed: ReadProcessMemory veya WriteProcessMemory isteðinin sadece bir parçasý tamamlandý. (0x12B)
[0819/112905.440:WARNING:pe_image_reader.cc(340)] could not read dos header from C:\Windows\SYSTEM32\WINMMBASE.dll
[0819/112905.441:ERROR:process_memory_win.cc(73)] ReadMemory at 0x7ff806820000 of 64 bytes failed: ReadProcessMemory veya WriteProcessMemory isteðinin sadece bir parçasý tamamlandý. (0x12B)
[0819/112905.441:WARNING:pe_image_reader.cc(340)] could not read dos header from C:\Windows\System32\cfgmgr32.dll
[0819/112905.441:ERROR:process_memory_win.cc(73)] ReadMemory at 0x7ff801c50000 of 64 bytes failed: ReadProcessMemory veya WriteProcessMemory isteðinin sadece bir parçasý tamamlandý. (0x12B)
[0819/112905.441:WARNING:pe_image_reader.cc(340)] could not read dos header from C:\Windows\SYSTEM32\PROPSYS.dll
[0819/112905.441:ERROR:process_memory_win.cc(73)] ReadMemory at 0x7ff808120000 of 64 bytes failed: ReadProcessMemory veya WriteProcessMemory isteðinin sadece bir parçasý tamamlandý. (0x12B)
[0819/112905.441:WARNING:pe_image_reader.cc(340)] could not read dos header from C:\Windows\System32\shcore.dll
[0819/112905.441:ERROR:process_memory_win.cc(73)] ReadMemory at 0x7ff805560000 of 64 bytes failed: ReadProcessMemory veya WriteProcessMemory isteðinin sadece bir parçasý tamamlandý. (0x12B)
[0819/112905.441:WARNING:pe_image_reader.cc(340)] could not read dos header from C:\Windows\SYSTEM32\SSPICLI.DLL
[0819/112905.441:ERROR:process_memory_win.cc(73)] ReadMemory at 0x7ff8050a0000 of 64 bytes failed: ReadProcessMemory veya WriteProcessMemory isteðinin sadece bir parçasý tamamlandý. (0x12B)
[0819/112905.441:WARNING:pe_image_reader.cc(340)] could not read dos header from C:\Windows\SYSTEM32\CRYPTBASE.DLL
[0819/112905.451:ERROR:process_memory_win.cc(73)] ReadMemory at 0x9f4b9f9000 of 28672 bytes failed: ReadProcessMemory veya WriteProcessMemory isteðinin sadece bir parçasý tamamlandý. (0x12B)
[0819/112905.451:ERROR:process_memory_win.cc(73)] ReadMemory at 0x9f4c1fd000 of 12288 bytes failed: ReadProcessMemory veya WriteProcessMemory isteðinin sadece bir parçasý tamamlandý. (0x12B)
[0819/112905.452:ERROR:process_memory_win.cc(73)] ReadMemory at 0x9f4c9fd000 of 12288 bytes failed: ReadProcessMemory veya WriteProcessMemory isteðinin sadece bir parçasý tamamlandý. (0x12B)
[0819/112905.452:ERROR:process_memory_win.cc(73)] ReadMemory at 0x9f4d1fc000 of 16384 bytes failed: ReadProcessMemory veya WriteProcessMemory isteðinin sadece bir parçasý tamamlandý. (0x12B)
[0819/112905.453:ERROR:process_memory_win.cc(73)] ReadMemory at 0x9f4d9fb000 of 20480 bytes failed: ReadProcessMemory veya WriteProcessMemory isteðinin sadece bir parçasý tamamlandý. (0x12B)
[0819/112905.453:ERROR:process_memory_win.cc(73)] ReadMemory at 0x9f4e1fe000 of 8192 bytes failed: ReadProcessMemory veya WriteProcessMemory isteðinin sadece bir parçasý tamamlandý. (0x12B)
[0819/112905.454:ERROR:process_memory_win.cc(73)] ReadMemory at 0x9f4e9fd000 of 12288 bytes failed: ReadProcessMemory veya WriteProcessMemory isteðinin sadece bir parçasý tamamlandý. (0x12B)
[0819/112905.454:ERROR:process_memory_win.cc(73)] ReadMemory at 0x9f4f1fd000 of 12288 bytes failed: ReadProcessMemory veya WriteProcessMemory isteðinin sadece bir parçasý tamamlandý. (0x12B)
[0819/112905.454:ERROR:process_memory_win.cc(73)] ReadMemory at 0x9f4f9fd000 of 12288 bytes failed: ReadProcessMemory veya WriteProcessMemory isteðinin sadece bir parçasý tamamlandý. (0x12B)
[0819/112905.454:ERROR:process_memory_win.cc(73)] ReadMemory at 0x9f501fd000 of 12288 bytes failed: ReadProcessMemory veya WriteProcessMemory isteðinin sadece bir parçasý tamamlandý. (0x12B)
[0819/112905.454:ERROR:process_memory_win.cc(73)] ReadMemory at 0x9f509fd000 of 12288 bytes failed: ReadProcessMemory veya WriteProcessMemory isteðinin sadece bir parçasý tamamlandý. (0x12B)
[0819/112905.455:ERROR:process_memory_win.cc(73)] ReadMemory at 0x9f511fd000 of 12288 bytes failed: ReadProcessMemory veya WriteProcessMemory isteðinin sadece bir parçasý tamamlandý. (0x12B)
[0819/112905.455:ERROR:process_memory_win.cc(73)] ReadMemory at 0x9f519fd000 of 12288 bytes failed: ReadProcessMemory veya WriteProcessMemory isteðinin sadece bir parçasý tamamlandý. (0x12B)
[0819/112905.455:ERROR:process_memory_win.cc(73)] ReadMemory at 0x9f521fd000 of 12288 bytes failed: ReadProcessMemory veya WriteProcessMemory isteðinin sadece bir parçasý tamamlandý. (0x12B)
[0819/112905.455:ERROR:process_memory_win.cc(73)] ReadMemory at 0x9f4b054000 of 852 bytes failed: ReadProcessMemory veya WriteProcessMemory isteðinin sadece bir parçasý tamamlandý. (0x12B)
[0819/112905.455:ERROR:process_memory_win.cc(73)] ReadMemory at 0x9f4b055000 of 6024 bytes failed: ReadProcessMemory veya WriteProcessMemory isteðinin sadece bir parçasý tamamlandý. (0x12B)
[0819/112905.456:ERROR:process_memory_win.cc(73)] ReadMemory at 0x9f4b057000 of 6024 bytes failed: ReadProcessMemory veya WriteProcessMemory isteðinin sadece bir parçasý tamamlandý. (0x12B)
[0819/112905.456:ERROR:process_memory_win.cc(73)] ReadMemory at 0x9f4b059000 of 6024 bytes failed: ReadProcessMemory veya WriteProcessMemory isteðinin sadece bir parçasý tamamlandý. (0x12B)
[0819/112905.456:ERROR:process_memory_win.cc(73)] ReadMemory at 0x9f4b05b000 of 6024 bytes failed: ReadProcessMemory veya WriteProcessMemory isteðinin sadece bir parçasý tamamlandý. (0x12B)
[0819/112905.456:ERROR:process_memory_win.cc(73)] ReadMemory at 0x9f4b05d000 of 6024 bytes failed: ReadProcessMemory veya WriteProcessMemory isteðinin sadece bir parçasý tamamlandý. (0x12B)
[0819/112905.456:ERROR:process_memory_win.cc(73)] ReadMemory at 0x9f4b05f000 of 6024 bytes failed: ReadProcessMemory veya WriteProcessMemory isteðinin sadece bir parçasý tamamlandý. (0x12B)
[0819/112905.456:ERROR:process_memory_win.cc(73)] ReadMemory at 0x9f4b061000 of 6024 bytes failed: ReadProcessMemory veya WriteProcessMemory isteðinin sadece bir parçasý tamamlandý. (0x12B)
[0819/112905.456:ERROR:process_memory_win.cc(73)] ReadMemory at 0x9f4b063000 of 6024 bytes failed: ReadProcessMemory veya WriteProcessMemory isteðinin sadece bir parçasý tamamlandý. (0x12B)
[0819/112905.457:ERROR:process_memory_win.cc(73)] ReadMemory at 0x9f4b065000 of 6024 bytes failed: ReadProcessMemory veya WriteProcessMemory isteðinin sadece bir parçasý tamamlandý. (0x12B)
[0819/112905.457:ERROR:process_memory_win.cc(73)] ReadMemory at 0x9f4b067000 of 6024 bytes failed: ReadProcessMemory veya WriteProcessMemory isteðinin sadece bir parçasý tamamlandý. (0x12B)
[0819/112905.457:ERROR:process_memory_win.cc(73)] ReadMemory at 0x9f4b069000 of 6024 bytes failed: ReadProcessMemory veya WriteProcessMemory isteðinin sadece bir parçasý tamamlandý. (0x12B)
[0819/112905.457:ERROR:process_memory_win.cc(73)] ReadMemory at 0x9f4b06b000 of 6024 bytes failed: ReadProcessMemory veya WriteProcessMemory isteðinin sadece bir parçasý tamamlandý. (0x12B)
[0819/112905.457:ERROR:process_memory_win.cc(73)] ReadMemory at 0x9f4b06d000 of 6024 bytes failed: ReadProcessMemory veya WriteProcessMemory isteðinin sadece bir parçasý tamamlandý. (0x12B)
[0819/112905.457:ERROR:process_memory_win.cc(73)] ReadMemory at 0x9f4b06f000 of 6024 bytes failed: ReadProcessMemory veya WriteProcessMemory isteðinin sadece bir parçasý tamamlandý. (0x12B)
[0819/112905.458:ERROR:process_memory_win.cc(73)] ReadMemory at 0x1a0c2700fe0 of 3674 bytes failed: ReadProcessMemory veya WriteProcessMemory isteðinin sadece bir parçasý tamamlandý. (0x12B)
[0819/112905.458:ERROR:process_memory_win.cc(73)] ReadMemory at 0x1a0c2701e50 of 1012 bytes failed: ReadProcessMemory veya WriteProcessMemory isteðinin sadece bir parçasý tamamlandý. (0x12B)
[0819/112905.458:ERROR:process_memory_win.cc(73)] ReadMemory at 0x1a0c2702498 of 118 bytes failed: ReadProcessMemory veya WriteProcessMemory isteðinin sadece bir parçasý tamamlandý. (0x12B)
[0819/112905.458:ERROR:process_memory_win.cc(73)] ReadMemory at 0x1a0c2702510 of 838 bytes failed: ReadProcessMemory veya WriteProcessMemory isteðinin sadece bir parçasý tamamlandý. (0x12B)
[0819/112905.458:ERROR:process_memory_win.cc(73)] ReadMemory at 0x1a0c2702858 of 118 bytes failed: ReadProcessMemory veya WriteProcessMemory isteðinin sadece bir parçasý tamamlandý. (0x12B)
[0819/112905.458:ERROR:process_memory_win.cc(73)] ReadMemory at 0x1a0c27028d0 of 100 bytes failed: ReadProcessMemory veya WriteProcessMemory isteðinin sadece bir parçasý tamamlandý. (0x12B)
[0819/112905.458:ERROR:process_memory_win.cc(73)] ReadMemory at 0x1a0c2702940 of 58 bytes failed: ReadProcessMemory veya WriteProcessMemory isteðinin sadece bir parçasý tamamlandý. (0x12B)
[0819/112905.458:ERROR:process_memory_win.cc(73)] ReadMemory at 0x1a0c2702a40 of 132 bytes failed: ReadProcessMemory veya WriteProcessMemory isteðinin sadece bir parçasý tamamlandý. (0x12B)
[0819/112905.458:ERROR:process_memory_win.cc(73)] ReadMemory at 0x1a0c2702bd0 of 132 bytes failed: ReadProcessMemory veya WriteProcessMemory isteðinin sadece bir parçasý tamamlandý. (0x12B)
[0819/112905.458:ERROR:process_memory_win.cc(73)] ReadMemory at 0x1a0c2702d90 of 126 bytes failed: ReadProcessMemory veya WriteProcessMemory isteðinin sadece bir parçasý tamamlandý. (0x12B)
[0819/112905.458:ERROR:process_memory_win.cc(73)] ReadMemory at 0x1a0c2703170 of 132 bytes failed: ReadProcessMemory veya WriteProcessMemory isteðinin sadece bir parçasý tamamlandý. (0x12B)
[0819/112905.458:ERROR:process_memory_win.cc(73)] ReadMemory at 0x1a0c2703300 of 64 bytes failed: ReadProcessMemory veya WriteProcessMemory isteðinin sadece bir parçasý tamamlandý. (0x12B)
[0819/112905.459:ERROR:process_memory_win.cc(73)] ReadMemory at 0x1a0c27034c0 of 132 bytes failed: ReadProcessMemory veya WriteProcessMemory isteðinin sadece bir parçasý tamamlandý. (0x12B)
[0819/112905.459:ERROR:process_memory_win.cc(73)] ReadMemory at 0x1a0c2703760 of 132 bytes failed: ReadProcessMemory veya WriteProcessMemory isteðinin sadece bir parçasý tamamlandý. (0x12B)
[0819/112905.459:ERROR:process_memory_win.cc(73)] ReadMemory at 0x1a0c27038f0 of 68 bytes failed: ReadProcessMemory veya WriteProcessMemory isteðinin sadece bir parçasý tamamlandý. (0x12B)
[0819/112905.459:ERROR:process_memory_win.cc(73)] ReadMemory at 0x1a0c27049e0 of 132 bytes failed: ReadProcessMemory veya WriteProcessMemory isteðinin sadece bir parçasý tamamlandý. (0x12B)
[0819/112905.459:ERROR:process_memory_win.cc(73)] ReadMemory at 0x1a0c2704b70 of 154 bytes failed: ReadProcessMemory veya WriteProcessMemory isteðinin sadece bir parçasý tamamlandý. (0x12B)
[0819/112905.459:ERROR:process_memory_win.cc(73)] ReadMemory at 0x1a0c2705a50 of 60 bytes failed: ReadProcessMemory veya WriteProcessMemory isteðinin sadece bir parçasý tamamlandý. (0x12B)
[0819/112905.459:ERROR:process_memory_win.cc(73)] ReadMemory at 0x1a0c2705f30 of 62 bytes failed: ReadProcessMemory veya WriteProcessMemory isteðinin sadece bir parçasý tamamlandý. (0x12B)
[0819/112905.459:ERROR:process_memory_win.cc(73)] ReadMemory at 0x1a0c2705fb0 of 132 bytes failed: ReadProcessMemory veya WriteProcessMemory isteðinin sadece bir parçasý tamamlandý. (0x12B)
[0819/112905.459:ERROR:process_memory_win.cc(73)] ReadMemory at 0x1a0c2709580 of 54 bytes failed: ReadProcessMemory veya WriteProcessMemory isteðinin sadece bir parçasý tamamlandý. (0x12B)
[0819/112905.459:ERROR:process_memory_win.cc(73)] ReadMemory at 0x1a0c270d8f0 of 64 bytes failed: ReadProcessMemory veya WriteProcessMemory isteðinin sadece bir parçasý tamamlandý. (0x12B)
[0819/112905.459:ERROR:process_memory_win.cc(73)] ReadMemory at 0x1a0c270d940 of 62 bytes failed: ReadProcessMemory veya WriteProcessMemory isteðinin sadece bir parçasý tamamlandý. (0x12B)
[0819/112905.459:ERROR:process_memory_win.cc(73)] ReadMemory at 0x1a0c270dc10 of 60 bytes failed: ReadProcessMemory veya WriteProcessMemory isteðinin sadece bir parçasý tamamlandý. (0x12B)
[0819/112905.459:ERROR:process_memory_win.cc(73)] ReadMemory at 0x1a0c27104f0 of 80 bytes failed: ReadProcessMemory veya WriteProcessMemory isteðinin sadece bir parçasý tamamlandý. (0x12B)
[0819/112905.459:ERROR:process_memory_win.cc(73)] ReadMemory at 0x1a0c2710730 of 80 bytes failed: ReadProcessMemory veya WriteProcessMemory isteðinin sadece bir parçasý tamamlandý. (0x12B)
[0819/112905.459:ERROR:process_memory_win.cc(73)] ReadMemory at 0x1a0c2713370 of 132 bytes failed: ReadProcessMemory veya WriteProcessMemory isteðinin sadece bir parçasý tamamlandý. (0x12B)
[0819/112905.460:ERROR:process_memory_win.cc(73)] ReadMemory at 0x1a0c27137c0 of 132 bytes failed: ReadProcessMemory veya WriteProcessMemory isteðinin sadece bir parçasý tamamlandý. (0x12B)
[0819/112905.460:ERROR:process_memory_win.cc(73)] ReadMemory at 0x1a0c27138f0 of 132 bytes failed: ReadProcessMemory veya WriteProcessMemory isteðinin sadece bir parçasý tamamlandý. (0x12B)
[0819/112905.460:ERROR:process_memory_win.cc(73)] ReadMemory at 0x1a0c2713ea0 of 132 bytes failed: ReadProcessMemory veya WriteProcessMemory isteðinin sadece bir parçasý tamamlandý. (0x12B)
[0819/112905.460:ERROR:process_memory_win.cc(73)] ReadMemory at 0x1a0c27141e0 of 132 bytes failed: ReadProcessMemory veya WriteProcessMemory isteðinin sadece bir parçasý tamamlandý. (0x12B)
[0819/112905.460:ERROR:process_memory_win.cc(73)] ReadMemory at 0x1a0c2715d70 of 146 bytes failed: ReadProcessMemory veya WriteProcessMemory isteðinin sadece bir parçasý tamamlandý. (0x12B)
[0819/112905.460:ERROR:process_memory_win.cc(73)] ReadMemory at 0x1a0c2716330 of 132 bytes failed: ReadProcessMemory veya WriteProcessMemory isteðinin sadece bir parçasý tamamlandý. (0x12B)
[0819/112905.460:ERROR:process_memory_win.cc(73)] ReadMemory at 0x1a0c2717240 of 132 bytes failed: ReadProcessMemory veya WriteProcessMemory isteðinin sadece bir parçasý tamamlandý. (0x12B)
[0819/112905.460:ERROR:process_memory_win.cc(73)] ReadMemory at 0x1a0c2717460 of 132 bytes failed: ReadProcessMemory veya WriteProcessMemory isteðinin sadece bir parçasý tamamlandý. (0x12B)
[0819/112905.460:ERROR:process_memory_win.cc(73)] ReadMemory at 0x1a0c27177c0 of 132 bytes failed: ReadProcessMemory veya WriteProcessMemory isteðinin sadece bir parçasý tamamlandý. (0x12B)
[0819/112905.460:ERROR:process_memory_win.cc(73)] ReadMemory at 0x1a0c271ba80 of 62 bytes failed: ReadProcessMemory veya WriteProcessMemory isteðinin sadece bir parçasý tamamlandý. (0x12B)
[0819/112905.460:ERROR:process_memory_win.cc(73)] ReadMemory at 0x1a0c271bb70 of 64 bytes failed: ReadProcessMemory veya WriteProcessMemory isteðinin sadece bir parçasý tamamlandý. (0x12B)
[0819/112905.460:ERROR:process_memory_win.cc(73)] ReadMemory at 0x1a0c271bbc0 of 62 bytes failed: ReadProcessMemory veya WriteProcessMemory isteðinin sadece bir parçasý tamamlandý. (0x12B)
[0819/112905.461:ERROR:process_memory_win.cc(73)] ReadMemory at 0x1a0c271bd00 of 60 bytes failed: ReadProcessMemory veya WriteProcessMemory isteðinin sadece bir parçasý tamamlandý. (0x12B)
[0819/112905.461:ERROR:process_memory_win.cc(73)] ReadMemory at 0x1a0c271be90 of 64 bytes failed: ReadProcessMemory veya WriteProcessMemory isteðinin sadece bir parçasý tamamlandý. (0x12B)
[0819/112905.461:ERROR:process_memory_win.cc(73)] ReadMemory at 0x1a0c271bee0 of 62 bytes failed: ReadProcessMemory veya WriteProcessMemory isteðinin sadece bir parçasý tamamlandý. (0x12B)
[0819/112905.461:ERROR:process_memory_win.cc(73)] ReadMemory at 0x1a0c271bf30 of 64 bytes failed: ReadProcessMemory veya WriteProcessMemory isteðinin sadece bir parçasý tamamlandý. (0x12B)
[0819/112905.461:ERROR:process_memory_win.cc(73)] ReadMemory at 0x1a0c271bf80 of 62 bytes failed: ReadProcessMemory veya WriteProcessMemory isteðinin sadece bir parçasý tamamlandý. (0x12B)
[0819/112905.461:ERROR:process_memory_win.cc(73)] ReadMemory at 0x1a0c271bfd0 of 66 bytes failed: ReadProcessMemory veya WriteProcessMemory isteðinin sadece bir parçasý tamamlandý. (0x12B)
[0819/112905.461:ERROR:process_memory_win.cc(73)] ReadMemory at 0x1a0c271c0c0 of 60 bytes failed: ReadProcessMemory veya WriteProcessMemory isteðinin sadece bir parçasý tamamlandý. (0x12B)
[0819/112905.461:ERROR:process_memory_win.cc(73)] ReadMemory at 0x1a0c271c110 of 64 bytes failed: ReadProcessMemory veya WriteProcessMemory isteðinin sadece bir parçasý tamamlandý. (0x12B)
[0819/112905.461:ERROR:process_memory_win.cc(73)] ReadMemory at 0x1a0c271c160 of 60 bytes failed: ReadProcessMemory veya WriteProcessMemory isteðinin sadece bir parçasý tamamlandý. (0x12B)
[0819/112905.461:ERROR:process_memory_win.cc(73)] ReadMemory at 0x1a0c271c250 of 60 bytes failed: ReadProcessMemory veya WriteProcessMemory isteðinin sadece bir parçasý tamamlandý. (0x12B)
[0819/112905.461:ERROR:process_memory_win.cc(73)] ReadMemory at 0x1a0c271c2a0 of 62 bytes failed: ReadProcessMemory veya WriteProcessMemory isteðinin sadece bir parçasý tamamlandý. (0x12B)
[0819/112905.461:ERROR:process_memory_win.cc(73)] ReadMemory at 0x1a0c271c2f0 of 62 bytes failed: ReadProcessMemory veya WriteProcessMemory isteðinin sadece bir parçasý tamamlandý. (0x12B)
[0819/112905.462:ERROR:process_memory_win.cc(73)] ReadMemory at 0x1a0c271c340 of 62 bytes failed: ReadProcessMemory veya WriteProcessMemory isteðinin sadece bir parçasý tamamlandý. (0x12B)
[0819/112905.462:ERROR:process_memory_win.cc(73)] ReadMemory at 0x1a0c271c430 of 64 bytes failed: ReadProcessMemory veya WriteProcessMemory isteðinin sadece bir parçasý tamamlandý. (0x12B)
[0819/112905.462:ERROR:process_memory_win.cc(73)] ReadMemory at 0x1a0c271c480 of 60 bytes failed: ReadProcessMemory veya WriteProcessMemory isteðinin sadece bir parçasý tamamlandý. (0x12B)
[0819/112905.462:ERROR:process_memory_win.cc(73)] ReadMemory at 0x1a0c271c4d0 of 64 bytes failed: ReadProcessMemory veya WriteProcessMemory isteðinin sadece bir parçasý tamamlandý. (0x12B)
[0819/112905.462:ERROR:process_memory_win.cc(73)] ReadMemory at 0x1a0c271c570 of 58 bytes failed: ReadProcessMemory veya WriteProcessMemory isteðinin sadece bir parçasý tamamlandý. (0x12B)
[0819/112905.462:ERROR:process_memory_win.cc(73)] ReadMemory at 0x1a0c271c5c0 of 62 bytes failed: ReadProcessMemory veya WriteProcessMemory isteðinin sadece bir parçasý tamamlandý. (0x12B)
[0819/112905.462:ERROR:process_memory_win.cc(73)] ReadMemory at 0x1a0c271c700 of 66 bytes failed: ReadProcessMemory veya WriteProcessMemory isteðinin sadece bir parçasý tamamlandý. (0x12B)
[0819/112905.462:ERROR:process_memory_win.cc(73)] ReadMemory at 0x1a0c271c750 of 64 bytes failed: ReadProcessMemory veya WriteProcessMemory isteðinin sadece bir parçasý tamamlandý. (0x12B)
[0819/112905.462:ERROR:process_memory_win.cc(73)] ReadMemory at 0x1a0c271c8e0 of 62 bytes failed: ReadProcessMemory veya WriteProcessMemory isteðinin sadece bir parçasý tamamlandý. (0x12B)
[0819/112905.463:ERROR:process_memory_win.cc(73)] ReadMemory at 0x1a0c271ec30 of 132 bytes failed: ReadProcessMemory veya WriteProcessMemory isteðinin sadece bir parçasý tamamlandý. (0x12B)
[0819/112905.463:ERROR:process_memory_win.cc(73)] ReadMemory at 0x1a0c271efd0 of 132 bytes failed: ReadProcessMemory veya WriteProcessMemory isteðinin sadece bir parçasý tamamlandý. (0x12B)
[0819/112905.463:ERROR:process_memory_win.cc(73)] ReadMemory at 0x1a0c271f100 of 132 bytes failed: ReadProcessMemory veya WriteProcessMemory isteðinin sadece bir parçasý tamamlandý. (0x12B)
[0819/112905.463:ERROR:process_memory_win.cc(73)] ReadMemory at 0x1a0c271f230 of 132 bytes failed: ReadProcessMemory veya WriteProcessMemory isteðinin sadece bir parçasý tamamlandý. (0x12B)
[0819/112905.463:ERROR:process_memory_win.cc(73)] ReadMemory at 0x1a0c271f360 of 132 bytes failed: ReadProcessMemory veya WriteProcessMemory isteðinin sadece bir parçasý tamamlandý. (0x12B)
[0819/112905.463:ERROR:process_memory_win.cc(73)] ReadMemory at 0x1a0c271f490 of 132 bytes failed: ReadProcessMemory veya WriteProcessMemory isteðinin sadece bir parçasý tamamlandý. (0x12B)
[0819/112905.463:ERROR:process_memory_win.cc(73)] ReadMemory at 0x1a0c271f5c0 of 132 bytes failed: ReadProcessMemory veya WriteProcessMemory isteðinin sadece bir parçasý tamamlandý. (0x12B)
[0819/112905.463:ERROR:process_memory_win.cc(73)] ReadMemory at 0x1a0c271f6f0 of 132 bytes failed: ReadProcessMemory veya WriteProcessMemory isteðinin sadece bir parçasý tamamlandý. (0x12B)
[0819/112905.464:ERROR:process_memory_win.cc(73)] ReadMemory at 0x1a0c271f820 of 132 bytes failed: ReadProcessMemory veya WriteProcessMemory isteðinin sadece bir parçasý tamamlandý. (0x12B)
[0819/112905.464:ERROR:process_memory_win.cc(73)] ReadMemory at 0x1a0c271f950 of 132 bytes failed: ReadProcessMemory veya WriteProcessMemory isteðinin sadece bir parçasý tamamlandý. (0x12B)
[0819/112905.464:ERROR:process_memory_win.cc(73)] ReadMemory at 0x1a0c271fa80 of 132 bytes failed: ReadProcessMemory veya WriteProcessMemory isteðinin sadece bir parçasý tamamlandý. (0x12B)
[0819/112905.464:ERROR:process_memory_win.cc(73)] ReadMemory at 0x1a0c271fce0 of 132 bytes failed: ReadProcessMemory veya WriteProcessMemory isteðinin sadece bir parçasý tamamlandý. (0x12B)
[0819/112905.464:ERROR:process_memory_win.cc(73)] ReadMemory at 0x1a0c271fe10 of 132 bytes failed: ReadProcessMemory veya WriteProcessMemory isteðinin sadece bir parçasý tamamlandý. (0x12B)
[0819/112905.464:ERROR:process_memory_win.cc(73)] ReadMemory at 0x1a0c2720aa0 of 132 bytes failed: ReadProcessMemory veya WriteProcessMemory isteðinin sadece bir parçasý tamamlandý. (0x12B)
[0819/112905.464:ERROR:process_memory_win.cc(73)] ReadMemory at 0x1a0c2721090 of 132 bytes failed: ReadProcessMemory veya WriteProcessMemory isteðinin sadece bir parçasý tamamlandý. (0x12B)
[0819/112905.465:ERROR:process_memory_win.cc(73)] ReadMemory at 0x1a0c2721550 of 132 bytes failed: ReadProcessMemory veya WriteProcessMemory isteðinin sadece bir parçasý tamamlandý. (0x12B)
[0819/112905.465:ERROR:process_memory_win.cc(73)] ReadMemory at 0x1a0c2721680 of 132 bytes failed: ReadProcessMemory veya WriteProcessMemory isteðinin sadece bir parçasý tamamlandý. (0x12B)
[0819/112905.468:ERROR:process_memory_win.cc(73)] ReadMemory at 0x1a0c27218e0 of 132 bytes failed: ReadProcessMemory veya WriteProcessMemory isteðinin sadece bir parçasý tamamlandý. (0x12B)
[0819/112905.468:ERROR:process_memory_win.cc(73)] ReadMemory at 0x1a0c2721c70 of 132 bytes failed: ReadProcessMemory veya WriteProcessMemory isteðinin sadece bir parçasý tamamlandý. (0x12B)
[0819/112905.468:ERROR:process_memory_win.cc(73)] ReadMemory at 0x1a0c2721da0 of 132 bytes failed: ReadProcessMemory veya WriteProcessMemory isteðinin sadece bir parçasý tamamlandý. (0x12B)
[0819/112905.469:ERROR:process_memory_win.cc(73)] ReadMemory at 0x1a0c2722000 of 132 bytes failed: ReadProcessMemory veya WriteProcessMemory isteðinin sadece bir parçasý tamamlandý. (0x12B)
[0819/112905.469:ERROR:process_memory_win.cc(73)] ReadMemory at 0x1a0c2722390 of 132 bytes failed: ReadProcessMemory veya WriteProcessMemory isteðinin sadece bir parçasý tamamlandý. (0x12B)
[0819/112905.469:ERROR:process_memory_win.cc(73)] ReadMemory at 0x1a0c2722720 of 132 bytes failed: ReadProcessMemory veya WriteProcessMemory isteðinin sadece bir parçasý tamamlandý. (0x12B)
[0819/112905.469:ERROR:process_memory_win.cc(73)] ReadMemory at 0x1a0c27241d0 of 76 bytes failed: ReadProcessMemory veya WriteProcessMemory isteðinin sadece bir parçasý tamamlandý. (0x12B)
[0819/112905.469:ERROR:process_memory_win.cc(73)] ReadMemory at 0x1a0c2746948 of 512 bytes failed: ReadProcessMemory veya WriteProcessMemory isteðinin sadece bir parçasý tamamlandý. (0x12B)
[0819/112905.469:ERROR:process_memory_win.cc(73)] ReadMemory at 0x1a0c2782f60 of 512 bytes failed: ReadProcessMemory veya WriteProcessMemory isteðinin sadece bir parçasý tamamlandý. (0x12B)
[0819/112905.469:ERROR:process_memory_win.cc(73)] ReadMemory at 0x1a0c27a50a0 of 512 bytes failed: ReadProcessMemory veya WriteProcessMemory isteðinin sadece bir parçasý tamamlandý. (0x12B)
[0819/112905.469:ERROR:process_memory_win.cc(73)] ReadMemory at 0x1a0c27a8af0 of 512 bytes failed: ReadProcessMemory veya WriteProcessMemory isteðinin sadece bir parçasý tamamlandý. (0x12B)
[0819/112905.470:ERROR:process_memory_win.cc(73)] ReadMemory at 0x1a0c27afb20 of 712 bytes failed: ReadProcessMemory veya WriteProcessMemory isteðinin sadece bir parçasý tamamlandý. (0x12B)
[0819/112905.470:ERROR:process_memory_win.cc(73)] ReadMemory at 0x1a0c27bcd30 of 512 bytes failed: ReadProcessMemory veya WriteProcessMemory isteðinin sadece bir parçasý tamamlandý. (0x12B)
[0819/112905.470:ERROR:process_memory_win.cc(73)] ReadMemory at 0x1a0c27c9020 of 512 bytes failed: ReadProcessMemory veya WriteProcessMemory isteðinin sadece bir parçasý tamamlandý. (0x12B)
[0819/112905.470:ERROR:process_memory_win.cc(73)] ReadMemory at 0x1a0c27caba0 of 512 bytes failed: ReadProcessMemory veya WriteProcessMemory isteðinin sadece bir parçasý tamamlandý. (0x12B)
[0819/112905.470:ERROR:process_memory_win.cc(73)] ReadMemory at 0x1a0c27d8e38 of 512 bytes failed: ReadProcessMemory veya WriteProcessMemory isteðinin sadece bir parçasý tamamlandý. (0x12B)
[0819/112905.470:ERROR:process_memory_win.cc(73)] ReadMemory at 0x1a0c27dcdf0 of 512 bytes failed: ReadProcessMemory veya WriteProcessMemory isteðinin sadece bir parçasý tamamlandý. (0x12B)
[0819/112905.470:ERROR:process_memory_win.cc(73)] ReadMemory at 0x1a0c27dda60 of 512 bytes failed: ReadProcessMemory veya WriteProcessMemory isteðinin sadece bir parçasý tamamlandý. (0x12B)
[0819/112905.471:ERROR:process_memory_win.cc(73)] ReadMemory at 0x1a0c28d0f40 of 512 bytes failed: ReadProcessMemory veya WriteProcessMemory isteðinin sadece bir parçasý tamamlandý. (0x12B)
[0819/112905.471:ERROR:process_memory_win.cc(73)] ReadMemory at 0x1a0c4120000 of 384 bytes failed: ReadProcessMemory veya WriteProcessMemory isteðinin sadece bir parçasý tamamlandý. (0x12B)
[0819/112905.471:ERROR:process_memory_win.cc(73)] ReadMemory at 0x1a0c412ff30 of 512 bytes failed: ReadProcessMemory veya WriteProcessMemory isteðinin sadece bir parçasý tamamlandý. (0x12B)
[0819/112905.471:ERROR:process_memory_win.cc(73)] ReadMemory at 0x1a0c4151050 of 512 bytes failed: ReadProcessMemory veya WriteProcessMemory isteðinin sadece bir parçasý tamamlandý. (0x12B)
[0819/112905.471:ERROR:process_memory_win.cc(73)] ReadMemory at 0x7ff805dec6d0 of 512 bytes failed: ReadProcessMemory veya WriteProcessMemory isteðinin sadece bir parçasý tamamlandý. (0x12B)
[0819/112905.471:ERROR:process_memory_win.cc(73)] ReadMemory at 0x7ff80885c074 of 672 bytes failed: ReadProcessMemory veya WriteProcessMemory isteðinin sadece bir parçasý tamamlandý. (0x12B)
[0819/112905.471:ERROR:process_memory_win.cc(73)] ReadMemory at 0x7ff80885c674 of 512 bytes failed: ReadProcessMemory veya WriteProcessMemory isteðinin sadece bir parçasý tamamlandý. (0x12B)
[0819/112905.471:ERROR:process_memory_win.cc(73)] ReadMemory at 0x7ff80885f924 of 608 bytes failed: ReadProcessMemory veya WriteProcessMemory isteðinin sadece bir parçasý tamamlandý. (0x12B)
[0819/112905.472:ERROR:process_memory_win.cc(73)] ReadMemory at 0x7ff8088ec428 of 18 bytes failed: ReadProcessMemory veya WriteProcessMemory isteðinin sadece bir parçasý tamamlandý. (0x12B)
[0819/112905.472:ERROR:process_memory_win.cc(73)] ReadMemory at 0x7ff80891f4f8 of 40 bytes failed: ReadProcessMemory veya WriteProcessMemory isteðinin sadece bir parçasý tamamlandý. (0x12B)
[0819/112905.472:ERROR:process_memory_win.cc(73)] ReadMemory at 0x7ff80891f978 of 48 bytes failed: ReadProcessMemory veya WriteProcessMemory isteðinin sadece bir parçasý tamamlandý. (0x12B)
[0819/112905.472:ERROR:process_memory_win.cc(73)] ReadMemory at 0x7ff8089253c0 of 64 bytes failed: ReadProcessMemory veya WriteProcessMemory isteðinin sadece bir parçasý tamamlandý. (0x12B)
[0819/112905.472:ERROR:process_memory_win.cc(73)] ReadMemory at 0x7fffcbd8979c of 512 bytes failed: ReadProcessMemory veya WriteProcessMemory isteðinin sadece bir parçasý tamamlandý. (0x12B)
[0819/112905.472:ERROR:process_memory_win.cc(73)] ReadMemory at 0x7fffcc5437d2 of 553 bytes failed: ReadProcessMemory veya WriteProcessMemory isteðinin sadece bir parçasý tamamlandý. (0x12B)
[0819/112905.472:ERROR:process_memory_win.cc(73)] ReadMemory at 0x7fffce10dde0 of 512 bytes failed: ReadProcessMemory veya WriteProcessMemory isteðinin sadece bir parçasý tamamlandý. (0x12B)
[0819/112905.473:ERROR:scoped_process_suspend.cc(40)] NtResumeProcess: Sona ermekte olan bir iþleme eriþmeye çalýþýldý. (0xc000010a)
